<?xml version="1.0" encoding="UTF-8"?>

<mule xmlns:metadata="http://www.mulesoft.org/schema/mule/metadata" 
	xmlns:spring="http://www.springframework.org/schema/beans" 
	xmlns:db="http://www.mulesoft.org/schema/mule/db"
	xmlns:sfdc="http://www.mulesoft.org/schema/mule/sfdc"
	xmlns="http://www.mulesoft.org/schema/mule/core"
	xmlns:doc="http://www.mulesoft.org/schema/mule/documentation"
	xmlns:xsi="http://www.w3.org/2001/XMLSchema-instance"
	xsi:schemaLocation="http://www.mulesoft.org/schema/mule/db http://www.mulesoft.org/schema/mule/db/current/mule-db.xsd
http://www.mulesoft.org/schema/mule/core http://www.mulesoft.org/schema/mule/core/current/mule.xsd
http://www.mulesoft.org/schema/mule/sfdc http://www.mulesoft.org/schema/mule/sfdc/current/mule-sfdc.xsd
http://www.springframework.org/schema/beans http://www.springframework.org/schema/beans/spring-beans-current.xsd">
    <sfdc:config name="Salesforce_test" username="${sfdc.test.username}" password="${sfdc.test.password}" securityToken="${sfdc.test.securityToken}" doc:name="Salesforce: Basic authentication" url="${sfdc.test.url}"/>

    
    <sub-flow name="queryAccountFromSalesforceFlow" >
        <sfdc:query-single config-ref="Salesforce" query="SELECT AccountNumber, AccountSource, AnnualRevenue, BillingCity, BillingCountry, BillingPostalCode, BillingState, BillingStreet, Description, Fax, Id, Industry, LastModifiedById, LastModifiedDate, Name, NumberOfEmployees, OwnerId, Ownership, ParentId, Phone, Rating, ShippingCity, ShippingCountry, ShippingPostalCode, ShippingState, ShippingStreet, Sic, SicDesc, Site, TickerSymbol, Type, Website FROM Account WHERE Name = '#[payload['Name']]'" doc:name="Query account from Salesforce"/>
        <logger level="INFO" message="Query Account from Salesforce result: #[payload]" doc:name="Logger"/>
    </sub-flow>
    
    <sub-flow name="queryAccountFromDatabaseFlow" >
                <enricher source="#[payload.isEmpty() ? NullPayload.getInstance() : payload[0]]" target="#[payload]" doc:name="store account">
                    <db:select config-ref="GenericDatabaseConnector" doc:name="Query account from Database">
                <db:parameterized-query><![CDATA[SELECT * FROM Account WHERE Name = #[payload['Name']]]]></db:parameterized-query>


                    </db:select>
                    </enricher>
        <logger level="INFO" message="Query account from Database result: #[payload]" doc:name="Logger"/>
    </sub-flow>
    <sub-flow name="insertAccountIntoSalesforceFlow">
        <sfdc:create-single config-ref="Salesforce_test" type="Account" doc:name="Insert account in A">
            <sfdc:object ref="#[payload]"/>
        </sfdc:create-single>
        <logger message="Update account in Salesforce result: #[payload]" level="INFO" doc:name="Logger"/>
    </sub-flow>
    <sub-flow name="insertAccountIntoDatabaseFlow" >
                    <db:insert config-ref="GenericDatabaseConnector"  doc:name="Insert account to Database">
            <db:parameterized-query><![CDATA[INSERT INTO Account (
	SalesforceId,
	AccountNumber,
	AccountSource,
	AnnualRevenue,
	BillingCity,
	BillingCountry,
	BillingPostalCode,
	BillingState,
	BillingStreet,
	Description,
	Fax,
	Industry,
	Name,
	NumberOfEmployees,
	OwnerId,
	Ownership,
	ParentId,
	Phone,
	Rating,
	ShippingCity,
	ShippingCountry,
	ShippingPostalCode,
	ShippingState,
	ShippingStreet,
	Sic,
	SicDesc,
	Site,
	TickerSymbol,
	Type,
	Website,
	LastModifiedById,
	LastModifiedDate
) VALUES (
	#[payload['Id']],
	#[payload['AccountNumber']],
	#[payload['AccountSource']],
	#[payload['AnnualRevenue']],
	#[payload['BillingCity']],
	#[payload['BillingCountry']],
	#[payload['BillingPostalCode']],
	#[payload['BillingState']],
	#[payload['BillingStreet']],
	#[payload['Description']],
	#[payload['Fax']],
	#[payload['Industry']],
	#[payload['Name']],
	#[payload['NumberOfEmployees']],
	#[payload['OwnerId']],
	#[payload['Ownership']],
	#[payload['ParentId']],
	#[payload['Phone']],
	#[payload['Rating']],
	#[payload['ShippingCity']],
	#[payload['ShippingCountry']],
	#[payload['ShippingPostalCode']],
	#[payload['ShippingState']],
	#[payload['ShippingStreet']],
	#[payload['Sic']],
	#[payload['SicDesc']],
	#[payload['Site']],
	#[payload['TickerSymbol']],
	#[payload['Type']],
	#[payload['Website']],
	CURRENT_USER,
	CURRENT_TIMESTAMP
)]]></db:parameterized-query>


                    </db:insert>
        <logger message="Insert account to Database result: #[payload]" level="INFO" doc:name="Logger"/>
    
    </sub-flow>
    <sub-flow name="deleteAccountFromSalesforceFlow" >
        <sfdc:delete config-ref="Salesforce" doc:name="Delete account from Salesforce">
            <sfdc:ids ref="#[payload]"/>
        </sfdc:delete>
        <logger message="#[payload]" level="INFO" category="FOFO" doc:name="Logger"/>
    </sub-flow>
    <sub-flow name="deleteAccountFromDatabaseFlow" >
        <foreach doc:name="For Each">
            <db:delete config-ref="GenericDatabaseConnector" doc:name="Delete account from Database">
                <db:parameterized-query><![CDATA[delete from Account where Name = #[payload]]]></db:parameterized-query>

            </db:delete>
        </foreach>
    </sub-flow>

</mule>